<?xml version="1.0" encoding="UTF-8"?>
<!-- Generated by org.testng.reporters.JUnitReportReporter -->
<testsuite ignored="0" hostname="Kazis-MacBook-Pro.local" failures="0" tests="1" name="com.SC.QA.NewUserRegistration.TestCases.RegisterNewUserTest" time="0.000" errors="0" timestamp="15 Aug 2023 04:10:47 GMT" skipped="1">
  <testcase classname="com.SC.QA.NewUserRegistration.TestCases.RegisterNewUserTest" name="NewUserRegistartionTest" time="0.000">
    <skipped/>
  </testcase> <!-- NewUserRegistartionTest -->
</testsuite> <!-- com.SC.QA.NewUserRegistration.TestCases.RegisterNewUserTest -->
